********************************************************************************
DUPLICATOR-LITE PACKAGE-LOG: 23 de January 2019 7:47 pm
NOTICE: Do NOT post to public sites or forums 
********************************************************************************
VERSION:	1.3.4
WORDPRESS:	5.0.3
PHP INFO:	7.2.12 | SAPI: apache2handler
SERVER:		Apache/2.4.37 (Win32) OpenSSL/1.1.1 PHP/7.2.12 
PHP TIME LIMIT: (0) no time limit imposed 
PHP MAX MEMORY: 2048M (512M default) 
MEMORY STACK: 8MB 

********************************************************************************
DATABASE:
********************************************************************************
BUILD MODE:   MYSQLDUMP
MYSQLTIMEOUT: 5000
MYSQLDUMP:    Is Supported 
SQL CREATED: 20190121_responsiblesoy_09af44b748324f9b8791_20190123194738_database.sql 
SQL FILE SIZE: 960.42KB (983472) 
SQL FILE TIME: 2019-01-23 19:47:45 
SQL RUNTIME: 0.72 sec. 

******************************************************************************** 
ARCHIVE (ZIP): 
******************************************************************************** 
ARCHIVE DIR:  C:/Users/Andres/Virtualhost/respsoy 
ARCHIVE FILE: 20190121_responsiblesoy_09af44b748324f9b8791_20190123194738_archive.zip 
FILTERS: *OFF* 
DIRS:
	not set 
FILES:
	not set 
EXTS:  not set 
---------------------------------------- 
COMPRESSING 
SIZE:	0B 
STATS:	Dirs 0 | Files 0 
SQL ADDED: 20190121_responsiblesoy_09af44b748324f9b8791_20190123194738_database.sql 
ZipArchive Object
(
    [status] => 0
    [statusSys] => 0
    [numFiles] => 1
    [filename] => C:\Users\Andres\Virtualhost\respsoy\wp-snapshots\tmp\20190121_responsiblesoy_09af44b748324f9b8791_20190123194738_archive.zip
    [comment] => 
)
 
COMPRESSION RESULT: '1' 
COMPRESSED SIZE: 152.52KB 
ARCHIVE RUNTIME: 0.08 sec. 
MEMORY STACK: 8MB 
building installer 
add_extra_files1 
add_extra_files2 
add_extra_files3 
add_extra_files4 
Doing archive file check 
add_extra_files5 
add_extra_files6 
add_extra_files8 
Successfully opened zip C:/Users/Andres/Virtualhost/respsoy/wp-snapshots/tmp/20190121_responsiblesoy_09af44b748324f9b8791_20190123194738_archive.zip 
Adding enhanced installer files to archive using ZipArchive 
Installer files added to archive 
Added to archive 
After ziparchive close when adding installer 

******************************************************************************** 
INTEGRITY CHECKS: 
******************************************************************************** 
SQL File: 960.42KB 
Installer File: 34.62KB 
Archive File: 991.34KB  

********************************************************************************
RECORD ID:[2]
TOTAL PROCESS RUNTIME: 1.24 sec.
PEAK PHP MEMORY USED: 8MB
DONE PROCESSING => 20190121_responsiblesoy 23 de January 2019 7:47 pm
 
