********************************************************************************
DUPLICATOR-LITE PACKAGE-LOG: 24 de May 2019 4:21 pm
NOTICE: Do NOT post to public sites or forums 
********************************************************************************
VERSION:	1.3.14
WORDPRESS:	5.0.3
PHP INFO:	7.2.17 | SAPI: apache2handler
SERVER:		Apache/2.4.39 (Win64) OpenSSL/1.1.1b PHP/7.2.17 
PHP TIME LIMIT: (0) no time limit imposed 
PHP MAX MEMORY: 4294967296 (128M default) 
MEMORY STACK: 8MB 

********************************************************************************
DATABASE:
********************************************************************************
BUILD MODE:   MYSQLDUMP
MYSQLTIMEOUT: 5000
MYSQLDUMP:    Is Supported 
SQL CREATED: 20190412_responsiblesoy_c178dce597c267411726_20190524162052_database.sql 
SQL FILE SIZE: 10.56MB (11070198) 
SQL FILE TIME: 2019-05-24 16:21:09 
SQL RUNTIME: 3.03 sec. 

******************************************************************************** 
ARCHIVE (ZIP): 
******************************************************************************** 
ARCHIVE DIR:  C:/Users/Andres/Virtualhost/respsoy 
ARCHIVE FILE: 20190412_responsiblesoy_c178dce597c267411726_20190524162052_archive.zip 
FILTERS: *OFF* 
DIRS:
	not set 
FILES:
	not set 
EXTS:  not set 
---------------------------------------- 
COMPRESSING 
SIZE:	0B 
STATS:	Dirs 0 | Files 0 
SQL ADDED: 20190412_responsiblesoy_c178dce597c267411726_20190524162052_database.sql 
ZipArchive Object
(
    [status] => 0
    [statusSys] => 0
    [numFiles] => 1
    [filename] => C:\Users\Andres\Virtualhost\respsoy\wp-snapshots\tmp\20190412_responsiblesoy_c178dce597c267411726_20190524162052_archive.zip
    [comment] => 
)
 
FILE ADDED TO ZIP: 0 
COMPRESSION RESULT: '1' 
COMPRESSED SIZE: 2.67MB 
ARCHIVE RUNTIME: 1.53 sec. 
MEMORY STACK: 8MB 
building installer 
add_extra_files1 
add_extra_files2 
add_extra_files3 
add_extra_files4 
Doing archive file check 
add_extra_files5 
add_extra_files6 
add_extra_files8 
Successfully opened zip C:/Users/Andres/Virtualhost/respsoy/wp-snapshots/tmp/20190412_responsiblesoy_c178dce597c267411726_20190524162052_archive.zip 
Adding enhanced installer files to archive using ZipArchive 
Installer files added to archive 
Added to archive 
After ziparchive close when adding installer 

******************************************************************************** 
INTEGRITY CHECKS: 
******************************************************************************** 
SQL FILE: 10.56MB 
INSTALLER FILE: 47.4KB 
ARCHIVE FILE: 3.95MB  
EXPECTED FILE/DIRECTORY COUNT: 0 
ACTUAL FILE/DIRECTORY COUNT: 0 
ARCHIVE CONSISTENCY TEST: Pass 

********************************************************************************
RECORD ID:[15]
TOTAL PROCESS RUNTIME: 5.50 sec.
PEAK PHP MEMORY USED: 12MB
DONE PROCESSING => 20190412_responsiblesoy 24 de May 2019 4:21 pm
 
