********************************************************************************
DUPLICATOR-LITE PACKAGE-LOG: 4 de April 2019 3:42 pm
NOTICE: Do NOT post to public sites or forums 
********************************************************************************
VERSION:	1.3.10
WORDPRESS:	5.0.3
PHP INFO:	7.3.3 | SAPI: apache2handler
SERVER:		Apache/2.4.38 (Win64) OpenSSL/1.1.1b PHP/7.3.3 
PHP TIME LIMIT: (0) no time limit imposed 
PHP MAX MEMORY: 4294967296 (128M default) 
MEMORY STACK: 16MB 

********************************************************************************
DATABASE:
********************************************************************************
BUILD MODE:   MYSQLDUMP
MYSQLTIMEOUT: 5000
MYSQLDUMP:    Is Supported 
SQL CREATED: 20190402_responsiblesoy_409fa87b55ad01166161_20190404154216_database.sql 
SQL FILE SIZE: 2.97MB (3119401) 
SQL FILE TIME: 2019-04-04 15:42:26 
SQL RUNTIME: 2.72 sec. 

******************************************************************************** 
ARCHIVE (ZIP): 
******************************************************************************** 
ARCHIVE DIR:  C:/Users/Andres/Virtualhost/respsoy 
ARCHIVE FILE: 20190402_responsiblesoy_409fa87b55ad01166161_20190404154216_archive.zip 
FILTERS: *OFF* 
DIRS:
	not set 
FILES:
	not set 
EXTS:  not set 
---------------------------------------- 
COMPRESSING 
SIZE:	0B 
STATS:	Dirs 0 | Files 0 
SQL ADDED: 20190402_responsiblesoy_409fa87b55ad01166161_20190404154216_database.sql 
ZipArchive Object
(
    [status] => 0
    [statusSys] => 0
    [numFiles] => 1
    [filename] => C:\Users\Andres\Virtualhost\respsoy\wp-snapshots\tmp\20190402_responsiblesoy_409fa87b55ad01166161_20190404154216_archive.zip
    [comment] => 
)
 
FILE ADDED TO ZIP: 0 
COMPRESSION RESULT: '1' 
COMPRESSED SIZE: 242.34KB 
ARCHIVE RUNTIME: 0.11 sec. 
MEMORY STACK: 16MB 
building installer 
add_extra_files1 
add_extra_files2 
add_extra_files3 
add_extra_files4 
Doing archive file check 
add_extra_files5 
add_extra_files6 
add_extra_files8 
Successfully opened zip C:/Users/Andres/Virtualhost/respsoy/wp-snapshots/tmp/20190402_responsiblesoy_409fa87b55ad01166161_20190404154216_archive.zip 
Adding enhanced installer files to archive using ZipArchive 
Installer files added to archive 
Added to archive 
After ziparchive close when adding installer 

******************************************************************************** 
INTEGRITY CHECKS: 
******************************************************************************** 
SQL FILE: 2.97MB 
INSTALLER FILE: 207.32KB 
ARCHIVE FILE: 1.16MB  
EXPECTED FILE/DIRECTORY COUNT: 0 
ACTUAL FILE/DIRECTORY COUNT: 0 
ARCHIVE CONSISTENCY TEST: Pass 

********************************************************************************
RECORD ID:[3]
TOTAL PROCESS RUNTIME: 3.40 sec.
PEAK PHP MEMORY USED: 18MB
DONE PROCESSING => 20190402_responsiblesoy 4 de April 2019 3:42 pm
 
