********************************************************************************
DUPLICATOR-LITE PACKAGE-LOG: 9 de May 2019 8:16 pm
NOTICE: Do NOT post to public sites or forums 
********************************************************************************
VERSION:	1.3.12
WORDPRESS:	5.0.3
PHP INFO:	7.2.17 | SAPI: apache2handler
SERVER:		Apache/2.4.39 (Win64) OpenSSL/1.1.1b PHP/7.2.17 
PHP TIME LIMIT: (0) no time limit imposed 
PHP MAX MEMORY: 4294967296 (128M default) 
MEMORY STACK: 8MB 

********************************************************************************
DATABASE:
********************************************************************************
BUILD MODE:   MYSQLDUMP
MYSQLTIMEOUT: 5000
MYSQLDUMP:    Is Supported 
SQL CREATED: 20190412_responsiblesoy_0168c158faad9cc45790_20190509201553_database.sql 
SQL FILE SIZE: 13.37MB (14019056) 
SQL FILE TIME: 2019-05-09 20:16:19 
SQL RUNTIME: 11.18 sec. 

******************************************************************************** 
ARCHIVE (ZIP): 
******************************************************************************** 
ARCHIVE DIR:  C:/Users/Andres/Virtualhost/respsoy 
ARCHIVE FILE: 20190412_responsiblesoy_0168c158faad9cc45790_20190509201553_archive.zip 
FILTERS: *OFF* 
DIRS:
	not set 
FILES:
	not set 
EXTS:  not set 
---------------------------------------- 
COMPRESSING 
SIZE:	0B 
STATS:	Dirs 0 | Files 0 
SQL ADDED: 20190412_responsiblesoy_0168c158faad9cc45790_20190509201553_database.sql 
ZipArchive Object
(
    [status] => 0
    [statusSys] => 0
    [numFiles] => 1
    [filename] => C:\Users\Andres\Virtualhost\respsoy\wp-snapshots\tmp\20190412_responsiblesoy_0168c158faad9cc45790_20190509201553_archive.zip
    [comment] => 
)
 
FILE ADDED TO ZIP: 0 
COMPRESSION RESULT: '1' 
COMPRESSED SIZE: 2.64MB 
ARCHIVE RUNTIME: 2.05 sec. 
MEMORY STACK: 8MB 
building installer 
add_extra_files1 
add_extra_files2 
add_extra_files3 
add_extra_files4 
Doing archive file check 
add_extra_files5 
add_extra_files6 
add_extra_files8 
Successfully opened zip C:/Users/Andres/Virtualhost/respsoy/wp-snapshots/tmp/20190412_responsiblesoy_0168c158faad9cc45790_20190509201553_archive.zip 
Adding enhanced installer files to archive using ZipArchive 
Installer files added to archive 
Added to archive 
After ziparchive close when adding installer 

******************************************************************************** 
INTEGRITY CHECKS: 
******************************************************************************** 
SQL FILE: 13.37MB 
INSTALLER FILE: 210.89KB 
ARCHIVE FILE: 3.83MB  
EXPECTED FILE/DIRECTORY COUNT: 0 
ACTUAL FILE/DIRECTORY COUNT: 0 
ARCHIVE CONSISTENCY TEST: Pass 

********************************************************************************
RECORD ID:[8]
TOTAL PROCESS RUNTIME: 14.30 sec.
PEAK PHP MEMORY USED: 12MB
DONE PROCESSING => 20190412_responsiblesoy 9 de May 2019 8:16 pm
 
