********************************************************************************
DUPLICATOR-LITE PACKAGE-LOG: 4 de February 2019 1:43 pm
NOTICE: Do NOT post to public sites or forums 
********************************************************************************
VERSION:	1.3.4
WORDPRESS:	5.0.3
PHP INFO:	7.2.12 | SAPI: apache2handler
SERVER:		Apache/2.4.37 (Win32) OpenSSL/1.1.1 PHP/7.2.12 
PHP TIME LIMIT: (0) no time limit imposed 
PHP MAX MEMORY: 2048M (512M default) 
MEMORY STACK: 6MB 

********************************************************************************
DATABASE:
********************************************************************************
BUILD MODE:   MYSQLDUMP
MYSQLTIMEOUT: 5000
MYSQLDUMP:    Is Supported 
SQL CREATED: 20190121_responsiblesoy_3b5be4c08ae9989e4290_20190204134324_database.sql 
SQL FILE SIZE: 6.02MB (6316657) 
SQL FILE TIME: 2019-02-04 13:43:34 
SQL RUNTIME: 1.93 sec. 

******************************************************************************** 
ARCHIVE (ZIP): 
******************************************************************************** 
ARCHIVE DIR:  C:/Users/Andres/Virtualhost/respsoy 
ARCHIVE FILE: 20190121_responsiblesoy_3b5be4c08ae9989e4290_20190204134324_archive.zip 
FILTERS: *OFF* 
DIRS:
	not set 
FILES:
	not set 
EXTS:  not set 
---------------------------------------- 
COMPRESSING 
SIZE:	0B 
STATS:	Dirs 0 | Files 0 
SQL ADDED: 20190121_responsiblesoy_3b5be4c08ae9989e4290_20190204134324_database.sql 
ZipArchive Object
(
    [status] => 0
    [statusSys] => 0
    [numFiles] => 1
    [filename] => C:\Users\Andres\Virtualhost\respsoy\wp-snapshots\tmp\20190121_responsiblesoy_3b5be4c08ae9989e4290_20190204134324_archive.zip
    [comment] => 
)
 
COMPRESSION RESULT: '1' 
COMPRESSED SIZE: 749.41KB 
ARCHIVE RUNTIME: 0.97 sec. 
MEMORY STACK: 6MB 
building installer 
add_extra_files1 
add_extra_files2 
add_extra_files3 
add_extra_files4 
Doing archive file check 
add_extra_files5 
add_extra_files6 
add_extra_files8 
Successfully opened zip C:/Users/Andres/Virtualhost/respsoy/wp-snapshots/tmp/20190121_responsiblesoy_3b5be4c08ae9989e4290_20190204134324_archive.zip 
Adding enhanced installer files to archive using ZipArchive 
Installer files added to archive 
Added to archive 
After ziparchive close when adding installer 

******************************************************************************** 
INTEGRITY CHECKS: 
******************************************************************************** 
SQL File: 6.02MB 
Installer File: 34.62KB 
Archive File: 1.55MB  

********************************************************************************
RECORD ID:[7]
TOTAL PROCESS RUNTIME: 3.46 sec.
PEAK PHP MEMORY USED: 10MB
DONE PROCESSING => 20190121_responsiblesoy 4 de February 2019 1:43 pm
 
