********************************************************************************
DUPLICATOR-LITE PACKAGE-LOG: 24 de January 2019 2:32 pm
NOTICE: Do NOT post to public sites or forums 
********************************************************************************
VERSION:	1.3.4
WORDPRESS:	5.0.3
PHP INFO:	7.2.12 | SAPI: apache2handler
SERVER:		Apache/2.4.37 (Win32) OpenSSL/1.1.1 PHP/7.2.12 
PHP TIME LIMIT: (0) no time limit imposed 
PHP MAX MEMORY: 2048M (512M default) 
MEMORY STACK: 4MB 

********************************************************************************
DATABASE:
********************************************************************************
BUILD MODE:   MYSQLDUMP
MYSQLTIMEOUT: 5000
MYSQLDUMP:    Is Supported 
SQL CREATED: 20190121_responsiblesoy_c3f1a48ae1f6df2c8852_20190124143213_database.sql 
SQL FILE SIZE: 986.61KB (1010290) 
SQL FILE TIME: 2019-01-24 14:32:21 
SQL RUNTIME: 0.63 sec. 

******************************************************************************** 
ARCHIVE (ZIP): 
******************************************************************************** 
ARCHIVE DIR:  C:/Users/Andres/Virtualhost/respsoy 
ARCHIVE FILE: 20190121_responsiblesoy_c3f1a48ae1f6df2c8852_20190124143213_archive.zip 
FILTERS: *OFF* 
DIRS:
	not set 
FILES:
	not set 
EXTS:  not set 
---------------------------------------- 
COMPRESSING 
SIZE:	0B 
STATS:	Dirs 0 | Files 0 
SQL ADDED: 20190121_responsiblesoy_c3f1a48ae1f6df2c8852_20190124143213_database.sql 
ZipArchive Object
(
    [status] => 0
    [statusSys] => 0
    [numFiles] => 1
    [filename] => C:\Users\Andres\Virtualhost\respsoy\wp-snapshots\tmp\20190121_responsiblesoy_c3f1a48ae1f6df2c8852_20190124143213_archive.zip
    [comment] => 
)
 
COMPRESSION RESULT: '1' 
COMPRESSED SIZE: 154.02KB 
ARCHIVE RUNTIME: 0.08 sec. 
MEMORY STACK: 4MB 
building installer 
add_extra_files1 
add_extra_files2 
add_extra_files3 
add_extra_files4 
Doing archive file check 
add_extra_files5 
add_extra_files6 
add_extra_files8 
Successfully opened zip C:/Users/Andres/Virtualhost/respsoy/wp-snapshots/tmp/20190121_responsiblesoy_c3f1a48ae1f6df2c8852_20190124143213_archive.zip 
Adding enhanced installer files to archive using ZipArchive 
Installer files added to archive 
Added to archive 
After ziparchive close when adding installer 

******************************************************************************** 
INTEGRITY CHECKS: 
******************************************************************************** 
SQL File: 986.61KB 
Installer File: 34.62KB 
Archive File: 992.83KB  

********************************************************************************
RECORD ID:[3]
TOTAL PROCESS RUNTIME: 1.16 sec.
PEAK PHP MEMORY USED: 4MB
DONE PROCESSING => 20190121_responsiblesoy 24 de January 2019 2:32 pm
 
