********************************************************************************
DUPLICATOR-LITE PACKAGE-LOG: 12 de April 2019 4:12 am
NOTICE: Do NOT post to public sites or forums 
********************************************************************************
VERSION:	1.3.10
WORDPRESS:	5.0.3
PHP INFO:	7.3.3 | SAPI: apache2handler
SERVER:		Apache/2.4.38 (Win64) OpenSSL/1.1.1b PHP/7.3.3 
PHP TIME LIMIT: (0) no time limit imposed 
PHP MAX MEMORY: 4294967296 (128M default) 
MEMORY STACK: 6MB 

********************************************************************************
DATABASE:
********************************************************************************
BUILD MODE:   MYSQLDUMP
MYSQLTIMEOUT: 5000
MYSQLDUMP:    Is Supported 
SQL CREATED: 20190412_responsiblesoy_59c80a30d77fbd083835_20190412041209_database.sql 
SQL FILE SIZE: 4.49MB (4708957) 
SQL FILE TIME: 2019-04-12 04:12:18 
SQL RUNTIME: 1.40 sec. 

******************************************************************************** 
ARCHIVE (ZIP): 
******************************************************************************** 
ARCHIVE DIR:  C:/Users/Andres/Virtualhost/respsoy 
ARCHIVE FILE: 20190412_responsiblesoy_59c80a30d77fbd083835_20190412041209_archive.zip 
FILTERS: *OFF* 
DIRS:
	not set 
FILES:
	not set 
EXTS:  not set 
---------------------------------------- 
COMPRESSING 
SIZE:	0B 
STATS:	Dirs 0 | Files 0 
SQL ADDED: 20190412_responsiblesoy_59c80a30d77fbd083835_20190412041209_database.sql 
ZipArchive Object
(
    [status] => 0
    [statusSys] => 0
    [numFiles] => 1
    [filename] => C:\Users\Andres\Virtualhost\respsoy\wp-snapshots\tmp\20190412_responsiblesoy_59c80a30d77fbd083835_20190412041209_archive.zip
    [comment] => 
)
 
FILE ADDED TO ZIP: 0 
COMPRESSION RESULT: '1' 
COMPRESSED SIZE: 274.04KB 
ARCHIVE RUNTIME: 0.13 sec. 
MEMORY STACK: 6MB 
building installer 
add_extra_files1 
add_extra_files2 
add_extra_files3 
add_extra_files4 
Doing archive file check 
add_extra_files5 
add_extra_files6 
add_extra_files8 
Successfully opened zip C:/Users/Andres/Virtualhost/respsoy/wp-snapshots/tmp/20190412_responsiblesoy_59c80a30d77fbd083835_20190412041209_archive.zip 
Adding enhanced installer files to archive using ZipArchive 
Installer files added to archive 
Added to archive 
After ziparchive close when adding installer 

******************************************************************************** 
INTEGRITY CHECKS: 
******************************************************************************** 
SQL FILE: 4.49MB 
INSTALLER FILE: 207.32KB 
ARCHIVE FILE: 1.19MB  
EXPECTED FILE/DIRECTORY COUNT: 0 
ACTUAL FILE/DIRECTORY COUNT: 0 
ARCHIVE CONSISTENCY TEST: Pass 

********************************************************************************
RECORD ID:[5]
TOTAL PROCESS RUNTIME: 2.05 sec.
PEAK PHP MEMORY USED: 6MB
DONE PROCESSING => 20190412_responsiblesoy 12 de April 2019 4:12 am
 
